<?xml version="1.0" encoding="UTF-8"?>
<testsuite name="Cucumber" time="690.296" tests="3" skipped="0" failures="1" errors="0" timestamp="2025-06-30T08:38:26.745565900Z">
<testcase classname="Verifying login Module" name="Verifying login with valid credentials without Enter Key - #1.1" time="37.177">
<system-out><![CDATA[
Given User is on the OMR Branch hotel page..................................passed
When User login "ajithkumar06952@gmail.com" and "Ajith9843@"................passed
Then User should verify success message after login "Welcome Ajith".........passed
]]></system-out>
</testcase>
<testcase classname="Verifying login Module" name="Verifying login with valid credentials with Enter Key - #1.1" time="530.462">
<failure type="org.openqa.selenium.TimeoutException" message="java.util.concurrent.TimeoutException
Build info: version: '4.33.0', revision: '2c6aaad03a'
System info: os.name: 'Windows 10', os.arch: 'amd64', os.version: '10.0', java.version: '21.0.6'
Driver info: org.openqa.selenium.chrome.ChromeDriver
Command: [ec312abffbd22a1348434a6c07c56035, findElement {value=//a[contains(text(),'Welcome')], using=xpath}]
Capabilities {acceptInsecureCerts: false, browserName: chrome, browserVersion: 131.0.6778.140, chrome: {chromedriverVersion: 131.0.6778.264 (2d05e315153..., userDataDir: C:\Users\user\AppData\Local...}, fedcm:accounts: true, goog:chromeOptions: {debuggerAddress: localhost:14183}, networkConnectionEnabled: false, pageLoadStrategy: normal, platformName: windows, proxy: Proxy(), se:cdp: ws://localhost:14183/devtoo..., se:cdpVersion: 131.0.6778.140, setWindowRect: true, strictFileInteractability: false, timeouts: {implicit: 0, pageLoad: 300000, script: 30000}, unhandledPromptBehavior: dismiss and notify, webauthn:extension:credBlob: true, webauthn:extension:largeBlob: true, webauthn:extension:minPinLength: true, webauthn:extension:prf: true, webauthn:virtualAuthenticators: true}
Session ID: ec312abffbd22a1348434a6c07c56035">
<![CDATA[org.openqa.selenium.TimeoutException: java.util.concurrent.TimeoutException
Build info: version: '4.33.0', revision: '2c6aaad03a'
System info: os.name: 'Windows 10', os.arch: 'amd64', os.version: '10.0', java.version: '21.0.6'
Driver info: org.openqa.selenium.chrome.ChromeDriver
Command: [ec312abffbd22a1348434a6c07c56035, findElement {value=//a[contains(text(),'Welcome')], using=xpath}]
Capabilities {acceptInsecureCerts: false, browserName: chrome, browserVersion: 131.0.6778.140, chrome: {chromedriverVersion: 131.0.6778.264 (2d05e315153..., userDataDir: C:\Users\user\AppData\Local...}, fedcm:accounts: true, goog:chromeOptions: {debuggerAddress: localhost:14183}, networkConnectionEnabled: false, pageLoadStrategy: normal, platformName: windows, proxy: Proxy(), se:cdp: ws://localhost:14183/devtoo..., se:cdpVersion: 131.0.6778.140, setWindowRect: true, strictFileInteractability: false, timeouts: {implicit: 0, pageLoad: 300000, script: 30000}, unhandledPromptBehavior: dismiss and notify, webauthn:extension:credBlob: true, webauthn:extension:largeBlob: true, webauthn:extension:minPinLength: true, webauthn:extension:prf: true, webauthn:virtualAuthenticators: true}
Session ID: ec312abffbd22a1348434a6c07c56035
	at org.openqa.selenium.remote.http.jdk.JdkHttpClient.execute(JdkHttpClient.java:427)
	at org.openqa.selenium.remote.HttpCommandExecutor.execute(HttpCommandExecutor.java:212)
	at org.openqa.selenium.remote.service.DriverCommandExecutor.invokeExecute(DriverCommandExecutor.java:216)
	at org.openqa.selenium.remote.service.DriverCommandExecutor.execute(DriverCommandExecutor.java:174)
	at org.openqa.selenium.remote.RemoteWebDriver.execute(RemoteWebDriver.java:544)
	at org.openqa.selenium.remote.ElementLocation$ElementFinder$2.findElement(ElementLocation.java:165)
	at org.openqa.selenium.remote.ElementLocation.findElement(ElementLocation.java:59)
	at org.openqa.selenium.remote.RemoteWebDriver.findElement(RemoteWebDriver.java:367)
	at org.openqa.selenium.remote.RemoteWebDriver.findElement(RemoteWebDriver.java:361)
	at org.openqa.selenium.support.ui.ExpectedConditions$7.apply(ExpectedConditions.java:194)
	at org.openqa.selenium.support.ui.ExpectedConditions$7.apply(ExpectedConditions.java:190)
	at org.openqa.selenium.support.ui.FluentWait.until(FluentWait.java:203)
	at com.omrbranchpage.LoginPage1.getWelcomeMessage(LoginPage1.java:38)
	at com.omrbranch.stepdefinition.TC001_LoginStep.user_should_verify_success_message_after_login(TC001_LoginStep.java:27)
	at ✽.User should verify success message after login "Welcome Ajith"(file:///D:/Testing_Task/OMRBranchHotelAutomation_Ajith/src/test/resources/Features/TC001_Login.feature:16)
Caused by: java.util.concurrent.TimeoutException
	at java.base/java.util.concurrent.CompletableFuture$Timeout.run(CompletableFuture.java:2920)
	at java.base/java.util.concurrent.Executors$RunnableAdapter.call(Executors.java:572)
	at java.base/java.util.concurrent.FutureTask.run(FutureTask.java:317)
	at java.base/java.util.concurrent.ScheduledThreadPoolExecutor$ScheduledFutureTask.run(ScheduledThreadPoolExecutor.java:304)
	at java.base/java.util.concurrent.ThreadPoolExecutor.runWorker(ThreadPoolExecutor.java:1144)
	at java.base/java.util.concurrent.ThreadPoolExecutor$Worker.run(ThreadPoolExecutor.java:642)
	at java.base/java.lang.Thread.run(Thread.java:1583)
]]>
</failure>
<system-out><![CDATA[
Given User is on the OMR Branch hotel page..................................passed
When User login "ajithkumar06952@gmail.com" and "Ajith9843@" with enter key.passed
Then User should verify success message after login "Welcome Ajith".........failed
]]></system-out>
</testcase>
<testcase classname="Verifying login Module" name="Verifying login with invalid credentials - #1.1" time="122.139">
<system-out><![CDATA[
Given User is on the OMR Branch hotel page..................................passed
When User login "ajithkumar06952@gmail.com" and "Ajith93@"..................passed
Then User should verify error message after login "Invalid Login details or Your Password might have expired.".passed
]]></system-out>
</testcase>
</testsuite>
