<?xml version="1.0" encoding="UTF-8"?>
<testsuite xmlns:xsi="http://www.w3.org/2001/XMLSchema-instance" xsi:noNamespaceSchemaLocation="https://maven.apache.org/surefire/maven-surefire-plugin/xsd/surefire-test-report-3.0.xsd" version="3.0" name="com.omrbranch.runner.TestRunnerClass1" time="797.658" tests="10" errors="6" skipped="0" failures="0">
  <properties>
[...]
</properties>
  <testcase name="Verifying login with valid credentials without Enter Key" classname="Verifying login Module" time="31.986">
    <system-out><![CDATA[
@Smoke
Scenario Outline: Verifying login with valid credentials without Enter Key &amp#27;[90m# src/test/resources/Features/TC001_Login.feature:11&amp#27;[0m
  &amp#27;[32mGiven &amp#27;[0m&amp#27;[32mUser is on the OMR Branch hotel page&amp#27;[0m                               &amp#27;[90m# com.omrbranch.stepdefinition.TC001_LoginStep.user_is_on_the_omr_branch_hotel_page()&amp#27;[0m
  &amp#27;[32mWhen &amp#27;[0m&amp#27;[32mUser login &amp#27;[0m&amp#27;[32m&amp#27;[1m"ajithkumar06952@gmail.com"&amp#27;[0m&amp#27;[32m and &amp#27;[0m&amp#27;[32m&amp#27;[1m"Ajith9843@"&amp#27;[0m             &amp#27;[90m# com.omrbranch.stepdefinition.TC001_LoginStep.user_login_and(java.lang.String,java.lang.String)&amp#27;[0m
  &amp#27;[32mThen &amp#27;[0m&amp#27;[32mUser should verify success message after login &amp#27;[0m&amp#27;[32m&amp#27;[1m"Welcome Ajith"&amp#27;[0m      &amp#27;[90m# com.omrbranch.stepdefinition.TC001_LoginStep.user_should_verify_success_message_after_login(java.lang.String)&amp#27;[0m

    Embedding Every Scenario [images/png 71618 bytes]

]]></system-out>
    <system-err><![CDATA[Jun 30, 2025 8:41:40 AM org.openqa.selenium.devtools.CdpVersionFinder findNearestMatch
WARNING: Unable to find CDP implementation matching 131
Jun 30, 2025 8:41:40 AM org.openqa.selenium.chromium.ChromiumDriver lambda$new$4
WARNING: Unable to find version of CDP to use for 131.0.6778.140. You may need to include a dependency on a specific version of the CDP using something similar to `org.seleniumhq.selenium:selenium-devtools-v86:4.33.0` where the version ("v86") matches the version of the chromium-based browser you're using and the version number of the artifact is the same as Selenium's.
]]></system-err>
  </testcase>
  <testcase name="Verifying login with valid credentials with Enter Key" classname="Verifying login Module" time="25.623">
    <system-out><![CDATA[
@Smoke
Scenario Outline: Verifying login with valid credentials with Enter Key       &amp#27;[90m# src/test/resources/Features/TC001_Login.feature:20&amp#27;[0m
  &amp#27;[32mGiven &amp#27;[0m&amp#27;[32mUser is on the OMR Branch hotel page&amp#27;[0m                                  &amp#27;[90m# com.omrbranch.stepdefinition.TC001_LoginStep.user_is_on_the_omr_branch_hotel_page()&amp#27;[0m
  &amp#27;[32mWhen &amp#27;[0m&amp#27;[32mUser login &amp#27;[0m&amp#27;[32m&amp#27;[1m"ajithkumar06952@gmail.com"&amp#27;[0m&amp#27;[32m and &amp#27;[0m&amp#27;[32m&amp#27;[1m"Ajith9843@"&amp#27;[0m&amp#27;[32m with enter key&amp#27;[0m &amp#27;[90m# com.omrbranch.stepdefinition.TC001_LoginStep.user_login_and_with_enter_key(java.lang.String,java.lang.String)&amp#27;[0m
  &amp#27;[32mThen &amp#27;[0m&amp#27;[32mUser should verify success message after login &amp#27;[0m&amp#27;[32m&amp#27;[1m"Welcome Ajith"&amp#27;[0m         &amp#27;[90m# com.omrbranch.stepdefinition.TC001_LoginStep.user_should_verify_success_message_after_login(java.lang.String)&amp#27;[0m

    Embedding Every Scenario [images/png 71618 bytes]

]]></system-out>
    <system-err><![CDATA[Jun 30, 2025 8:42:07 AM org.openqa.selenium.devtools.CdpVersionFinder findNearestMatch
WARNING: Unable to find CDP implementation matching 131
Jun 30, 2025 8:42:07 AM org.openqa.selenium.chromium.ChromiumDriver lambda$new$4
WARNING: Unable to find version of CDP to use for 131.0.6778.140. You may need to include a dependency on a specific version of the CDP using something similar to `org.seleniumhq.selenium:selenium-devtools-v86:4.33.0` where the version ("v86") matches the version of the chromium-based browser you're using and the version number of the artifact is the same as Selenium's.
]]></system-err>
  </testcase>
  <testcase name="Verifying login with invalid credentials" classname="Verifying login Module" time="41.683">
    <system-out><![CDATA[
@Smoke
Scenario Outline: Verifying login with invalid credentials                                                       &amp#27;[90m# src/test/resources/Features/TC001_Login.feature:29&amp#27;[0m
  &amp#27;[32mGiven &amp#27;[0m&amp#27;[32mUser is on the OMR Branch hotel page&amp#27;[0m                                                                     &amp#27;[90m# com.omrbranch.stepdefinition.TC001_LoginStep.user_is_on_the_omr_branch_hotel_page()&amp#27;[0m
  &amp#27;[32mWhen &amp#27;[0m&amp#27;[32mUser login &amp#27;[0m&amp#27;[32m&amp#27;[1m"ajithkumar06952@gmail.com"&amp#27;[0m&amp#27;[32m and &amp#27;[0m&amp#27;[32m&amp#27;[1m"Ajith93@"&amp#27;[0m                                                     &amp#27;[90m# com.omrbranch.stepdefinition.TC001_LoginStep.user_login_and(java.lang.String,java.lang.String)&amp#27;[0m
  &amp#27;[32mThen &amp#27;[0m&amp#27;[32mUser should verify error message after login &amp#27;[0m&amp#27;[32m&amp#27;[1m"Invalid Login details or Your Password might have expired."&amp#27;[0m &amp#27;[90m# com.omrbranch.stepdefinition.TC001_LoginStep.user_should_verify_error_message_after_login(java.lang.String)&amp#27;[0m

    Embedding Every Scenario [images/png 44729 bytes]

]]></system-out>
    <system-err><![CDATA[Jun 30, 2025 8:42:34 AM org.openqa.selenium.devtools.CdpVersionFinder findNearestMatch
WARNING: Unable to find CDP implementation matching 131
Jun 30, 2025 8:42:34 AM org.openqa.selenium.chromium.ChromiumDriver lambda$new$4
WARNING: Unable to find version of CDP to use for 131.0.6778.140. You may need to include a dependency on a specific version of the CDP using something similar to `org.seleniumhq.selenium:selenium-devtools-v86:4.33.0` where the version ("v86") matches the version of the chromium-based browser you're using and the version number of the artifact is the same as Selenium's.
]]></system-err>
  </testcase>
  <testcase name="Search hotels with all fields" classname="Verfying hotels Modle #1" time="224.403">
    <error message="no such element: Unable to locate element: {&quot;method&quot;:&quot;xpath&quot;,&quot;selector&quot;:&quot;//a[text()=&apos;26&apos;]&quot;}&#10;  (Session info: chrome=131.0.6778.140)&#10;For documentation on this error, please visit: https://www.selenium.dev/documentation/webdriver/troubleshooting/errors#no-such-element-exception&#10;Build info: version: &apos;4.33.0&apos;, revision: &apos;2c6aaad03a&apos;&#10;System info: os.name: &apos;Windows 10&apos;, os.arch: &apos;amd64&apos;, os.version: &apos;10.0&apos;, java.version: &apos;21.0.6&apos;&#10;Driver info: org.openqa.selenium.chrome.ChromeDriver&#10;Command: [f81b2a21169fc1d64b261fcbfa5a2b2a, findElement {value=//a[text()=&apos;26&apos;], using=xpath}]&#10;Capabilities {acceptInsecureCerts: false, browserName: chrome, browserVersion: 131.0.6778.140, chrome: {chromedriverVersion: 131.0.6778.264 (2d05e315153..., userDataDir: C:\Users\user\AppData\Local...}, fedcm:accounts: true, goog:chromeOptions: {debuggerAddress: localhost:1635}, networkConnectionEnabled: false, pageLoadStrategy: normal, platformName: windows, proxy: Proxy(), se:cdp: ws://localhost:1635/devtool..., se:cdpVersion: 131.0.6778.140, setWindowRect: true, strictFileInteractability: false, timeouts: {implicit: 0, pageLoad: 300000, script: 30000}, unhandledPromptBehavior: dismiss and notify, webauthn:extension:credBlob: true, webauthn:extension:largeBlob: true, webauthn:extension:minPinLength: true, webauthn:extension:prf: true, webauthn:virtualAuthenticators: true}&#10;Session ID: f81b2a21169fc1d64b261fcbfa5a2b2a" type="org.openqa.selenium.NoSuchElementException"><![CDATA[org.openqa.selenium.NoSuchElementException: 
no such element: Unable to locate element: {"method":"xpath","selector":"//a[text()='26']"}
  (Session info: chrome=131.0.6778.140)
For documentation on this error, please visit: https://www.selenium.dev/documentation/webdriver/troubleshooting/errors#no-such-element-exception
Build info: version: '4.33.0', revision: '2c6aaad03a'
System info: os.name: 'Windows 10', os.arch: 'amd64', os.version: '10.0', java.version: '21.0.6'
Driver info: org.openqa.selenium.chrome.ChromeDriver
Command: [f81b2a21169fc1d64b261fcbfa5a2b2a, findElement {value=//a[text()='26'], using=xpath}]
Capabilities {acceptInsecureCerts: false, browserName: chrome, browserVersion: 131.0.6778.140, chrome: {chromedriverVersion: 131.0.6778.264 (2d05e315153..., userDataDir: C:\Users\user\AppData\Local...}, fedcm:accounts: true, goog:chromeOptions: {debuggerAddress: localhost:1635}, networkConnectionEnabled: false, pageLoadStrategy: normal, platformName: windows, proxy: Proxy(), se:cdp: ws://localhost:1635/devtool..., se:cdpVersion: 131.0.6778.140, setWindowRect: true, strictFileInteractability: false, timeouts: {implicit: 0, pageLoad: 300000, script: 30000}, unhandledPromptBehavior: dismiss and notify, webauthn:extension:credBlob: true, webauthn:extension:largeBlob: true, webauthn:extension:minPinLength: true, webauthn:extension:prf: true, webauthn:virtualAuthenticators: true}
Session ID: f81b2a21169fc1d64b261fcbfa5a2b2a
	at java.base/jdk.internal.reflect.DirectConstructorHandleAccessor.newInstance(DirectConstructorHandleAccessor.java:62)
	at java.base/java.lang.reflect.Constructor.newInstanceWithCaller(Constructor.java:502)
	at java.base/java.lang.reflect.Constructor.newInstance(Constructor.java:486)
	at org.openqa.selenium.remote.ErrorCodec.decode(ErrorCodec.java:167)
	at org.openqa.selenium.remote.codec.w3c.W3CHttpResponseCodec.decode(W3CHttpResponseCodec.java:138)
	at org.openqa.selenium.remote.codec.w3c.W3CHttpResponseCodec.decode(W3CHttpResponseCodec.java:50)
	at org.openqa.selenium.remote.HttpCommandExecutor.execute(HttpCommandExecutor.java:215)
	at org.openqa.selenium.remote.service.DriverCommandExecutor.invokeExecute(DriverCommandExecutor.java:216)
	at org.openqa.selenium.remote.service.DriverCommandExecutor.execute(DriverCommandExecutor.java:174)
	at org.openqa.selenium.remote.RemoteWebDriver.execute(RemoteWebDriver.java:544)
	at org.openqa.selenium.remote.ElementLocation$ElementFinder$2.findElement(ElementLocation.java:165)
	at org.openqa.selenium.remote.ElementLocation.findElement(ElementLocation.java:59)
	at org.openqa.selenium.remote.RemoteWebDriver.findElement(RemoteWebDriver.java:367)
	at org.openqa.selenium.remote.RemoteWebDriver.findElement(RemoteWebDriver.java:361)
	at com.omrbranch.baseclass.BaseClass.findElementBy(BaseClass.java:312)
	at com.omrbranchpage.ExploreHotelPage2.enterCheckInDate(ExploreHotelPage2.java:102)
	at com.omrbranch.stepdefinition.TC002_SearchHotels.userSearchHotelWithAllFields(TC002_SearchHotels.java:26)
	at ✽.User search hotel "Kerala","Kochi","Suite","26","27","1-One","1-One" and "1"(file:///D:/Testing_Task/OMRBranchHotelAutomation_Ajith/src/test/resources/Features/TC002_SearchHotels.feature:9)
]]></error>
    <system-out><![CDATA[
@Smoke
Scenario Outline: Search hotels with all fields                                     &amp#27;[90m# src/test/resources/Features/TC002_SearchHotels.feature:14&amp#27;[0m
  &amp#27;[32mGiven &amp#27;[0m&amp#27;[32mUser is on the OMR Branch hotel page&amp#27;[0m                                        &amp#27;[90m# com.omrbranch.stepdefinition.TC001_LoginStep.user_is_on_the_omr_branch_hotel_page()&amp#27;[0m
  &amp#27;[32mWhen &amp#27;[0m&amp#27;[32mUser login &amp#27;[0m&amp#27;[32m&amp#27;[1m"ajithkumar06952@gmail.com"&amp#27;[0m&amp#27;[32m and &amp#27;[0m&amp#27;[32m&amp#27;[1m"Ajith9843@"&amp#27;[0m                      &amp#27;[90m# com.omrbranch.stepdefinition.TC001_LoginStep.user_login_and(java.lang.String,java.lang.String)&amp#27;[0m
  &amp#27;[32mThen &amp#27;[0m&amp#27;[32mUser should verify success message after login &amp#27;[0m&amp#27;[32m&amp#27;[1m"Welcome Ajith"&amp#27;[0m               &amp#27;[90m# com.omrbranch.stepdefinition.TC001_LoginStep.user_should_verify_success_message_after_login(java.lang.String)&amp#27;[0m
  &amp#27;[31mWhen &amp#27;[0m&amp#27;[31mUser search hotel &amp#27;[0m&amp#27;[31m&amp#27;[1m"Kerala"&amp#27;[0m&amp#27;[31m,&amp#27;[0m&amp#27;[31m&amp#27;[1m"Kochi"&amp#27;[0m&amp#27;[31m,&amp#27;[0m&amp#27;[31m&amp#27;[1m"Suite"&amp#27;[0m&amp#27;[31m,&amp#27;[0m&amp#27;[31m&amp#27;[1m"26"&amp#27;[0m&amp#27;[31m,&amp#27;[0m&amp#27;[31m&amp#27;[1m"27"&amp#27;[0m&amp#27;[31m,&amp#27;[0m&amp#27;[31m&amp#27;[1m"1-One"&amp#27;[0m&amp#27;[31m,&amp#27;[0m&amp#27;[31m&amp#27;[1m"1-One"&amp#27;[0m&amp#27;[31m and &amp#27;[0m&amp#27;[31m&amp#27;[1m"1"&amp#27;[0m &amp#27;[90m# com.omrbranch.stepdefinition.TC002_SearchHotels.userSearchHotelWithAllFields(java.lang.String,java.lang.String,java.lang.String,java.lang.String,java.lang.String,java.lang.String,java.lang.String,java.lang.String)&amp#27;[0m
      &amp#27;[31morg.openqa.selenium.NoSuchElementException: no such element: Unable to locate element: {"method":"xpath","selector":"//a[text()='26']"}
        (Session info: chrome=131.0.6778.140)
      For documentation on this error, please visit: https://www.selenium.dev/documentation/webdriver/troubleshooting/errors#no-such-element-exception
      Build info: version: '4.33.0', revision: '2c6aaad03a'
      System info: os.name: 'Windows 10', os.arch: 'amd64', os.version: '10.0', java.version: '21.0.6'
      Driver info: org.openqa.selenium.chrome.ChromeDriver
      Command: [f81b2a21169fc1d64b261fcbfa5a2b2a, findElement {value=//a[text()='26'], using=xpath}]
      Capabilities {acceptInsecureCerts: false, browserName: chrome, browserVersion: 131.0.6778.140, chrome: {chromedriverVersion: 131.0.6778.264 (2d05e315153..., userDataDir: C:\Users\user\AppData\Local...}, fedcm:accounts: true, goog:chromeOptions: {debuggerAddress: localhost:1635}, networkConnectionEnabled: false, pageLoadStrategy: normal, platformName: windows, proxy: Proxy(), se:cdp: ws://localhost:1635/devtool..., se:cdpVersion: 131.0.6778.140, setWindowRect: true, strictFileInteractability: false, timeouts: {implicit: 0, pageLoad: 300000, script: 30000}, unhandledPromptBehavior: dismiss and notify, webauthn:extension:credBlob: true, webauthn:extension:largeBlob: true, webauthn:extension:minPinLength: true, webauthn:extension:prf: true, webauthn:virtualAuthenticators: true}
      Session ID: f81b2a21169fc1d64b261fcbfa5a2b2a
      	at java.base/jdk.internal.reflect.DirectConstructorHandleAccessor.newInstance(DirectConstructorHandleAccessor.java:62)
      	at java.base/java.lang.reflect.Constructor.newInstanceWithCaller(Constructor.java:502)
      	at java.base/java.lang.reflect.Constructor.newInstance(Constructor.java:486)
      	at org.openqa.selenium.remote.ErrorCodec.decode(ErrorCodec.java:167)
      	at org.openqa.selenium.remote.codec.w3c.W3CHttpResponseCodec.decode(W3CHttpResponseCodec.java:138)
      	at org.openqa.selenium.remote.codec.w3c.W3CHttpResponseCodec.decode(W3CHttpResponseCodec.java:50)
      	at org.openqa.selenium.remote.HttpCommandExecutor.execute(HttpCommandExecutor.java:215)
      	at org.openqa.selenium.remote.service.DriverCommandExecutor.invokeExecute(DriverCommandExecutor.java:216)
      	at org.openqa.selenium.remote.service.DriverCommandExecutor.execute(DriverCommandExecutor.java:174)
      	at org.openqa.selenium.remote.RemoteWebDriver.execute(RemoteWebDriver.java:544)
      	at org.openqa.selenium.remote.ElementLocation$ElementFinder$2.findElement(ElementLocation.java:165)
      	at org.openqa.selenium.remote.ElementLocation.findElement(ElementLocation.java:59)
      	at org.openqa.selenium.remote.RemoteWebDriver.findElement(RemoteWebDriver.java:367)
      	at org.openqa.selenium.remote.RemoteWebDriver.findElement(RemoteWebDriver.java:361)
      	at com.omrbranch.baseclass.BaseClass.findElementBy(BaseClass.java:312)
      	at com.omrbranchpage.ExploreHotelPage2.enterCheckInDate(ExploreHotelPage2.java:102)
      	at com.omrbranch.stepdefinition.TC002_SearchHotels.userSearchHotelWithAllFields(TC002_SearchHotels.java:26)
      	at ✽.User search hotel "Kerala","Kochi","Suite","26","27","1-One","1-One" and "1"(file:///D:/Testing_Task/OMRBranchHotelAutomation_Ajith/src/test/resources/Features/TC002_SearchHotels.feature:9)&amp#27;[0m
  &amp#27;[36mThen &amp#27;[0m&amp#27;[36mUser should verify after search hotel success message &amp#27;[0m&amp#27;[36m&amp#27;[1m"Select Hotel"&amp#27;[0m         &amp#27;[90m# com.omrbranch.stepdefinition.TC002_SearchHotels.userShouldVerifySearchHotelSuccessMessage(java.lang.String)&amp#27;[0m

    Embedding Every Scenario [images/png 495580 bytes]

]]></system-out>
    <system-err><![CDATA[Jun 30, 2025 8:43:11 AM org.openqa.selenium.devtools.CdpVersionFinder findNearestMatch
WARNING: Unable to find CDP implementation matching 131
Jun 30, 2025 8:43:11 AM org.openqa.selenium.chromium.ChromiumDriver lambda$new$4
WARNING: Unable to find version of CDP to use for 131.0.6778.140. You may need to include a dependency on a specific version of the CDP using something similar to `org.seleniumhq.selenium:selenium-devtools-v86:4.33.0` where the version ("v86") matches the version of the chromium-based browser you're using and the version number of the artifact is the same as Selenium's.
]]></system-err>
  </testcase>
  <testcase name="Search hotels with only mandatory fields" classname="Verfying hotels Modle #1" time="128.645">
    <error message="no such element: Unable to locate element: {&quot;method&quot;:&quot;xpath&quot;,&quot;selector&quot;:&quot;//a[text()=&apos;26&apos;]&quot;}&#10;  (Session info: chrome=131.0.6778.140)&#10;For documentation on this error, please visit: https://www.selenium.dev/documentation/webdriver/troubleshooting/errors#no-such-element-exception&#10;Build info: version: &apos;4.33.0&apos;, revision: &apos;2c6aaad03a&apos;&#10;System info: os.name: &apos;Windows 10&apos;, os.arch: &apos;amd64&apos;, os.version: &apos;10.0&apos;, java.version: &apos;21.0.6&apos;&#10;Driver info: org.openqa.selenium.chrome.ChromeDriver&#10;Command: [210848ad51eb6e0429e2d15dbcc3dab6, findElement {value=//a[text()=&apos;26&apos;], using=xpath}]&#10;Capabilities {acceptInsecureCerts: false, browserName: chrome, browserVersion: 131.0.6778.140, chrome: {chromedriverVersion: 131.0.6778.264 (2d05e315153..., userDataDir: C:\Users\user\AppData\Local...}, fedcm:accounts: true, goog:chromeOptions: {debuggerAddress: localhost:3423}, networkConnectionEnabled: false, pageLoadStrategy: normal, platformName: windows, proxy: Proxy(), se:cdp: ws://localhost:3423/devtool..., se:cdpVersion: 131.0.6778.140, setWindowRect: true, strictFileInteractability: false, timeouts: {implicit: 0, pageLoad: 300000, script: 30000}, unhandledPromptBehavior: dismiss and notify, webauthn:extension:credBlob: true, webauthn:extension:largeBlob: true, webauthn:extension:minPinLength: true, webauthn:extension:prf: true, webauthn:virtualAuthenticators: true}&#10;Session ID: 210848ad51eb6e0429e2d15dbcc3dab6" type="org.openqa.selenium.NoSuchElementException"><![CDATA[org.openqa.selenium.NoSuchElementException: 
no such element: Unable to locate element: {"method":"xpath","selector":"//a[text()='26']"}
  (Session info: chrome=131.0.6778.140)
For documentation on this error, please visit: https://www.selenium.dev/documentation/webdriver/troubleshooting/errors#no-such-element-exception
Build info: version: '4.33.0', revision: '2c6aaad03a'
System info: os.name: 'Windows 10', os.arch: 'amd64', os.version: '10.0', java.version: '21.0.6'
Driver info: org.openqa.selenium.chrome.ChromeDriver
Command: [210848ad51eb6e0429e2d15dbcc3dab6, findElement {value=//a[text()='26'], using=xpath}]
Capabilities {acceptInsecureCerts: false, browserName: chrome, browserVersion: 131.0.6778.140, chrome: {chromedriverVersion: 131.0.6778.264 (2d05e315153..., userDataDir: C:\Users\user\AppData\Local...}, fedcm:accounts: true, goog:chromeOptions: {debuggerAddress: localhost:3423}, networkConnectionEnabled: false, pageLoadStrategy: normal, platformName: windows, proxy: Proxy(), se:cdp: ws://localhost:3423/devtool..., se:cdpVersion: 131.0.6778.140, setWindowRect: true, strictFileInteractability: false, timeouts: {implicit: 0, pageLoad: 300000, script: 30000}, unhandledPromptBehavior: dismiss and notify, webauthn:extension:credBlob: true, webauthn:extension:largeBlob: true, webauthn:extension:minPinLength: true, webauthn:extension:prf: true, webauthn:virtualAuthenticators: true}
Session ID: 210848ad51eb6e0429e2d15dbcc3dab6
	at java.base/jdk.internal.reflect.DirectConstructorHandleAccessor.newInstance(DirectConstructorHandleAccessor.java:62)
	at java.base/java.lang.reflect.Constructor.newInstanceWithCaller(Constructor.java:502)
	at java.base/java.lang.reflect.Constructor.newInstance(Constructor.java:486)
	at org.openqa.selenium.remote.ErrorCodec.decode(ErrorCodec.java:167)
	at org.openqa.selenium.remote.codec.w3c.W3CHttpResponseCodec.decode(W3CHttpResponseCodec.java:138)
	at org.openqa.selenium.remote.codec.w3c.W3CHttpResponseCodec.decode(W3CHttpResponseCodec.java:50)
	at org.openqa.selenium.remote.HttpCommandExecutor.execute(HttpCommandExecutor.java:215)
	at org.openqa.selenium.remote.service.DriverCommandExecutor.invokeExecute(DriverCommandExecutor.java:216)
	at org.openqa.selenium.remote.service.DriverCommandExecutor.execute(DriverCommandExecutor.java:174)
	at org.openqa.selenium.remote.RemoteWebDriver.execute(RemoteWebDriver.java:544)
	at org.openqa.selenium.remote.ElementLocation$ElementFinder$2.findElement(ElementLocation.java:165)
	at org.openqa.selenium.remote.ElementLocation.findElement(ElementLocation.java:59)
	at org.openqa.selenium.remote.RemoteWebDriver.findElement(RemoteWebDriver.java:367)
	at org.openqa.selenium.remote.RemoteWebDriver.findElement(RemoteWebDriver.java:361)
	at com.omrbranch.baseclass.BaseClass.findElementBy(BaseClass.java:312)
	at com.omrbranchpage.ExploreHotelPage2.enterCheckInDate(ExploreHotelPage2.java:102)
	at com.omrbranch.stepdefinition.TC002_SearchHotels.userSearchHotelWithMandatoryFields(TC002_SearchHotels.java:51)
	at ✽.User search hotel "Kerala","Kochi","26","27","1-One" and "1-One"(file:///D:/Testing_Task/OMRBranchHotelAutomation_Ajith/src/test/resources/Features/TC002_SearchHotels.feature:20)
]]></error>
    <system-out><![CDATA[
@Smoke
Scenario Outline: Search hotels with only mandatory fields                  &amp#27;[90m# src/test/resources/Features/TC002_SearchHotels.feature:25&amp#27;[0m
  &amp#27;[32mGiven &amp#27;[0m&amp#27;[32mUser is on the OMR Branch hotel page&amp#27;[0m                                &amp#27;[90m# com.omrbranch.stepdefinition.TC001_LoginStep.user_is_on_the_omr_branch_hotel_page()&amp#27;[0m
  &amp#27;[32mWhen &amp#27;[0m&amp#27;[32mUser login &amp#27;[0m&amp#27;[32m&amp#27;[1m"ajithkumar06952@gmail.com"&amp#27;[0m&amp#27;[32m and &amp#27;[0m&amp#27;[32m&amp#27;[1m"Ajith9843@"&amp#27;[0m              &amp#27;[90m# com.omrbranch.stepdefinition.TC001_LoginStep.user_login_and(java.lang.String,java.lang.String)&amp#27;[0m
  &amp#27;[32mThen &amp#27;[0m&amp#27;[32mUser should verify success message after login &amp#27;[0m&amp#27;[32m&amp#27;[1m"Welcome Ajith"&amp#27;[0m       &amp#27;[90m# com.omrbranch.stepdefinition.TC001_LoginStep.user_should_verify_success_message_after_login(java.lang.String)&amp#27;[0m
  &amp#27;[31mWhen &amp#27;[0m&amp#27;[31mUser search hotel &amp#27;[0m&amp#27;[31m&amp#27;[1m"Kerala"&amp#27;[0m&amp#27;[31m,&amp#27;[0m&amp#27;[31m&amp#27;[1m"Kochi"&amp#27;[0m&amp#27;[31m,&amp#27;[0m&amp#27;[31m&amp#27;[1m"26"&amp#27;[0m&amp#27;[31m,&amp#27;[0m&amp#27;[31m&amp#27;[1m"27"&amp#27;[0m&amp#27;[31m,&amp#27;[0m&amp#27;[31m&amp#27;[1m"1-One"&amp#27;[0m&amp#27;[31m and &amp#27;[0m&amp#27;[31m&amp#27;[1m"1-One"&amp#27;[0m     &amp#27;[90m# com.omrbranch.stepdefinition.TC002_SearchHotels.userSearchHotelWithMandatoryFields(java.lang.String,java.lang.String,java.lang.String,java.lang.String,java.lang.String,java.lang.String)&amp#27;[0m
      &amp#27;[31morg.openqa.selenium.NoSuchElementException: no such element: Unable to locate element: {"method":"xpath","selector":"//a[text()='26']"}
        (Session info: chrome=131.0.6778.140)
      For documentation on this error, please visit: https://www.selenium.dev/documentation/webdriver/troubleshooting/errors#no-such-element-exception
      Build info: version: '4.33.0', revision: '2c6aaad03a'
      System info: os.name: 'Windows 10', os.arch: 'amd64', os.version: '10.0', java.version: '21.0.6'
      Driver info: org.openqa.selenium.chrome.ChromeDriver
      Command: [210848ad51eb6e0429e2d15dbcc3dab6, findElement {value=//a[text()='26'], using=xpath}]
      Capabilities {acceptInsecureCerts: false, browserName: chrome, browserVersion: 131.0.6778.140, chrome: {chromedriverVersion: 131.0.6778.264 (2d05e315153..., userDataDir: C:\Users\user\AppData\Local...}, fedcm:accounts: true, goog:chromeOptions: {debuggerAddress: localhost:3423}, networkConnectionEnabled: false, pageLoadStrategy: normal, platformName: windows, proxy: Proxy(), se:cdp: ws://localhost:3423/devtool..., se:cdpVersion: 131.0.6778.140, setWindowRect: true, strictFileInteractability: false, timeouts: {implicit: 0, pageLoad: 300000, script: 30000}, unhandledPromptBehavior: dismiss and notify, webauthn:extension:credBlob: true, webauthn:extension:largeBlob: true, webauthn:extension:minPinLength: true, webauthn:extension:prf: true, webauthn:virtualAuthenticators: true}
      Session ID: 210848ad51eb6e0429e2d15dbcc3dab6
      	at java.base/jdk.internal.reflect.DirectConstructorHandleAccessor.newInstance(DirectConstructorHandleAccessor.java:62)
      	at java.base/java.lang.reflect.Constructor.newInstanceWithCaller(Constructor.java:502)
      	at java.base/java.lang.reflect.Constructor.newInstance(Constructor.java:486)
      	at org.openqa.selenium.remote.ErrorCodec.decode(ErrorCodec.java:167)
      	at org.openqa.selenium.remote.codec.w3c.W3CHttpResponseCodec.decode(W3CHttpResponseCodec.java:138)
      	at org.openqa.selenium.remote.codec.w3c.W3CHttpResponseCodec.decode(W3CHttpResponseCodec.java:50)
      	at org.openqa.selenium.remote.HttpCommandExecutor.execute(HttpCommandExecutor.java:215)
      	at org.openqa.selenium.remote.service.DriverCommandExecutor.invokeExecute(DriverCommandExecutor.java:216)
      	at org.openqa.selenium.remote.service.DriverCommandExecutor.execute(DriverCommandExecutor.java:174)
      	at org.openqa.selenium.remote.RemoteWebDriver.execute(RemoteWebDriver.java:544)
      	at org.openqa.selenium.remote.ElementLocation$ElementFinder$2.findElement(ElementLocation.java:165)
      	at org.openqa.selenium.remote.ElementLocation.findElement(ElementLocation.java:59)
      	at org.openqa.selenium.remote.RemoteWebDriver.findElement(RemoteWebDriver.java:367)
      	at org.openqa.selenium.remote.RemoteWebDriver.findElement(RemoteWebDriver.java:361)
      	at com.omrbranch.baseclass.BaseClass.findElementBy(BaseClass.java:312)
      	at com.omrbranchpage.ExploreHotelPage2.enterCheckInDate(ExploreHotelPage2.java:102)
      	at com.omrbranch.stepdefinition.TC002_SearchHotels.userSearchHotelWithMandatoryFields(TC002_SearchHotels.java:51)
      	at ✽.User search hotel "Kerala","Kochi","26","27","1-One" and "1-One"(file:///D:/Testing_Task/OMRBranchHotelAutomation_Ajith/src/test/resources/Features/TC002_SearchHotels.feature:20)&amp#27;[0m
  &amp#27;[36mThen &amp#27;[0m&amp#27;[36mUser should verify after search hotel success message &amp#27;[0m&amp#27;[36m&amp#27;[1m"Select Hotel"&amp#27;[0m &amp#27;[90m# com.omrbranch.stepdefinition.TC002_SearchHotels.userShouldVerifySearchHotelSuccessMessage(java.lang.String)&amp#27;[0m

    Embedding Every Scenario [images/png 502384 bytes]

]]></system-out>
    <system-err><![CDATA[Jun 30, 2025 8:46:54 AM org.openqa.selenium.devtools.CdpVersionFinder findNearestMatch
WARNING: Unable to find CDP implementation matching 131
Jun 30, 2025 8:46:54 AM org.openqa.selenium.chromium.ChromiumDriver lambda$new$4
WARNING: Unable to find version of CDP to use for 131.0.6778.140. You may need to include a dependency on a specific version of the CDP using something similar to `org.seleniumhq.selenium:selenium-devtools-v86:4.33.0` where the version ("v86") matches the version of the chromium-based browser you're using and the version number of the artifact is the same as Selenium's.
]]></system-err>
  </testcase>
  <testcase name="Search hotels without entering any fields and verifying the error messages" classname="Verfying hotels Modle #1" time="44.246">
    <system-out><![CDATA[
@Smoke
Scenario Outline: Search hotels without entering any fields and verifying the error messages                                                                                                                                          &amp#27;[90m# src/test/resources/Features/TC002_SearchHotels.feature:36&amp#27;[0m
  &amp#27;[32mGiven &amp#27;[0m&amp#27;[32mUser is on the OMR Branch hotel page&amp#27;[0m                                                                                                                                                                                          &amp#27;[90m# com.omrbranch.stepdefinition.TC001_LoginStep.user_is_on_the_omr_branch_hotel_page()&amp#27;[0m
  &amp#27;[32mWhen &amp#27;[0m&amp#27;[32mUser login &amp#27;[0m&amp#27;[32m&amp#27;[1m"ajithkumar06952@gmail.com"&amp#27;[0m&amp#27;[32m and &amp#27;[0m&amp#27;[32m&amp#27;[1m"Ajith9843@"&amp#27;[0m                                                                                                                                                                        &amp#27;[90m# com.omrbranch.stepdefinition.TC001_LoginStep.user_login_and(java.lang.String,java.lang.String)&amp#27;[0m
  &amp#27;[32mThen &amp#27;[0m&amp#27;[32mUser should verify success message after login &amp#27;[0m&amp#27;[32m&amp#27;[1m"Welcome Ajith"&amp#27;[0m                                                                                                                                                                 &amp#27;[90m# com.omrbranch.stepdefinition.TC001_LoginStep.user_should_verify_success_message_after_login(java.lang.String)&amp#27;[0m
✅ Switched to hotelsearch_iframe successfully
  &amp#27;[32mAnd &amp#27;[0m&amp#27;[32mUser click Search button&amp#27;[0m                                                                                                                                                                                                        &amp#27;[90m# com.omrbranch.stepdefinition.TC002_SearchHotels.userClickSearchButton()&amp#27;[0m
  &amp#27;[32mThen &amp#27;[0m&amp#27;[32mUser should verify after search hotel error message &amp#27;[0m&amp#27;[32m&amp#27;[1m"Please select state"&amp#27;[0m&amp#27;[32m ,&amp#27;[0m&amp#27;[32m&amp#27;[1m"Please select city"&amp#27;[0m&amp#27;[32m ,&amp#27;[0m&amp#27;[32m&amp#27;[1m"Please select Check-in date"&amp#27;[0m&amp#27;[32m ,&amp#27;[0m&amp#27;[32m&amp#27;[1m"Please select Check-out date"&amp#27;[0m&amp#27;[32m ,&amp#27;[0m&amp#27;[32m&amp#27;[1m"Please select no. of rooms"&amp#27;[0m&amp#27;[32m and &amp#27;[0m&amp#27;[32m&amp#27;[1m"Please select no. of adults"&amp#27;[0m &amp#27;[90m# com.omrbranch.stepdefinition.TC002_SearchHotels.userShouldVerifyAfterSearchHotelErrorMessageAnd(java.lang.String,java.lang.String,java.lang.String,java.lang.String,java.lang.String,java.lang.String)&amp#27;[0m

    Embedding Every Scenario [images/png 630169 bytes]

]]></system-out>
    <system-err><![CDATA[Jun 30, 2025 8:49:03 AM org.openqa.selenium.devtools.CdpVersionFinder findNearestMatch
WARNING: Unable to find CDP implementation matching 131
Jun 30, 2025 8:49:03 AM org.openqa.selenium.chromium.ChromiumDriver lambda$new$4
WARNING: Unable to find version of CDP to use for 131.0.6778.140. You may need to include a dependency on a specific version of the CDP using something similar to `org.seleniumhq.selenium:selenium-devtools-v86:4.33.0` where the version ("v86") matches the version of the chromium-based browser you're using and the version number of the artifact is the same as Selenium's.
]]></system-err>
  </testcase>
  <testcase name="Select Second hotel name and verify navigate to Book Hotel page" classname="Verfying hotels Modle #2" time="147.249">
    <error message="no such element: Unable to locate element: {&quot;method&quot;:&quot;xpath&quot;,&quot;selector&quot;:&quot;//a[text()=&apos;27&apos;]&quot;}&#10;  (Session info: chrome=131.0.6778.140)&#10;For documentation on this error, please visit: https://www.selenium.dev/documentation/webdriver/troubleshooting/errors#no-such-element-exception&#10;Build info: version: &apos;4.33.0&apos;, revision: &apos;2c6aaad03a&apos;&#10;System info: os.name: &apos;Windows 10&apos;, os.arch: &apos;amd64&apos;, os.version: &apos;10.0&apos;, java.version: &apos;21.0.6&apos;&#10;Driver info: org.openqa.selenium.chrome.ChromeDriver&#10;Command: [27686d45f9b8d26fe3d58be34ac43ade, findElement {value=//a[text()=&apos;27&apos;], using=xpath}]&#10;Capabilities {acceptInsecureCerts: false, browserName: chrome, browserVersion: 131.0.6778.140, chrome: {chromedriverVersion: 131.0.6778.264 (2d05e315153..., userDataDir: C:\Users\user\AppData\Local...}, fedcm:accounts: true, goog:chromeOptions: {debuggerAddress: localhost:11165}, networkConnectionEnabled: false, pageLoadStrategy: normal, platformName: windows, proxy: Proxy(), se:cdp: ws://localhost:11165/devtoo..., se:cdpVersion: 131.0.6778.140, setWindowRect: true, strictFileInteractability: false, timeouts: {implicit: 0, pageLoad: 300000, script: 30000}, unhandledPromptBehavior: dismiss and notify, webauthn:extension:credBlob: true, webauthn:extension:largeBlob: true, webauthn:extension:minPinLength: true, webauthn:extension:prf: true, webauthn:virtualAuthenticators: true}&#10;Session ID: 27686d45f9b8d26fe3d58be34ac43ade" type="org.openqa.selenium.NoSuchElementException"><![CDATA[org.openqa.selenium.NoSuchElementException: 
no such element: Unable to locate element: {"method":"xpath","selector":"//a[text()='27']"}
  (Session info: chrome=131.0.6778.140)
For documentation on this error, please visit: https://www.selenium.dev/documentation/webdriver/troubleshooting/errors#no-such-element-exception
Build info: version: '4.33.0', revision: '2c6aaad03a'
System info: os.name: 'Windows 10', os.arch: 'amd64', os.version: '10.0', java.version: '21.0.6'
Driver info: org.openqa.selenium.chrome.ChromeDriver
Command: [27686d45f9b8d26fe3d58be34ac43ade, findElement {value=//a[text()='27'], using=xpath}]
Capabilities {acceptInsecureCerts: false, browserName: chrome, browserVersion: 131.0.6778.140, chrome: {chromedriverVersion: 131.0.6778.264 (2d05e315153..., userDataDir: C:\Users\user\AppData\Local...}, fedcm:accounts: true, goog:chromeOptions: {debuggerAddress: localhost:11165}, networkConnectionEnabled: false, pageLoadStrategy: normal, platformName: windows, proxy: Proxy(), se:cdp: ws://localhost:11165/devtoo..., se:cdpVersion: 131.0.6778.140, setWindowRect: true, strictFileInteractability: false, timeouts: {implicit: 0, pageLoad: 300000, script: 30000}, unhandledPromptBehavior: dismiss and notify, webauthn:extension:credBlob: true, webauthn:extension:largeBlob: true, webauthn:extension:minPinLength: true, webauthn:extension:prf: true, webauthn:virtualAuthenticators: true}
Session ID: 27686d45f9b8d26fe3d58be34ac43ade
	at java.base/jdk.internal.reflect.DirectConstructorHandleAccessor.newInstance(DirectConstructorHandleAccessor.java:62)
	at java.base/java.lang.reflect.Constructor.newInstanceWithCaller(Constructor.java:502)
	at java.base/java.lang.reflect.Constructor.newInstance(Constructor.java:486)
	at org.openqa.selenium.remote.ErrorCodec.decode(ErrorCodec.java:167)
	at org.openqa.selenium.remote.codec.w3c.W3CHttpResponseCodec.decode(W3CHttpResponseCodec.java:138)
	at org.openqa.selenium.remote.codec.w3c.W3CHttpResponseCodec.decode(W3CHttpResponseCodec.java:50)
	at org.openqa.selenium.remote.HttpCommandExecutor.execute(HttpCommandExecutor.java:215)
	at org.openqa.selenium.remote.service.DriverCommandExecutor.invokeExecute(DriverCommandExecutor.java:216)
	at org.openqa.selenium.remote.service.DriverCommandExecutor.execute(DriverCommandExecutor.java:174)
	at org.openqa.selenium.remote.RemoteWebDriver.execute(RemoteWebDriver.java:544)
	at org.openqa.selenium.remote.ElementLocation$ElementFinder$2.findElement(ElementLocation.java:165)
	at org.openqa.selenium.remote.ElementLocation.findElement(ElementLocation.java:59)
	at org.openqa.selenium.remote.RemoteWebDriver.findElement(RemoteWebDriver.java:367)
	at org.openqa.selenium.remote.RemoteWebDriver.findElement(RemoteWebDriver.java:361)
	at com.omrbranch.baseclass.BaseClass.findElementBy(BaseClass.java:312)
	at com.omrbranchpage.ExploreHotelPage2.enterCheckInDate(ExploreHotelPage2.java:102)
	at com.omrbranch.stepdefinition.TC002_SearchHotels.userSearchHotelWithAllFields(TC002_SearchHotels.java:26)
	at ✽.User search hotel "Kerala","Kochi","Suite","27","28","1-One","1-One" and "1"(file:///D:/Testing_Task/OMRBranchHotelAutomation_Ajith/src/test/resources/Features/TC003_SelectHotel.feature:9)
]]></error>
    <system-out><![CDATA[
@Smoke
Scenario Outline: Select Second hotel name and verify navigate to Book Hotel page   &amp#27;[90m# src/test/resources/Features/TC003_SelectHotel.feature:17&amp#27;[0m
  &amp#27;[32mGiven &amp#27;[0m&amp#27;[32mUser is on the OMR Branch hotel page&amp#27;[0m                                        &amp#27;[90m# com.omrbranch.stepdefinition.TC001_LoginStep.user_is_on_the_omr_branch_hotel_page()&amp#27;[0m
  &amp#27;[32mWhen &amp#27;[0m&amp#27;[32mUser login &amp#27;[0m&amp#27;[32m&amp#27;[1m"ajithkumar06952@gmail.com"&amp#27;[0m&amp#27;[32m and &amp#27;[0m&amp#27;[32m&amp#27;[1m"Ajith9843@"&amp#27;[0m                      &amp#27;[90m# com.omrbranch.stepdefinition.TC001_LoginStep.user_login_and(java.lang.String,java.lang.String)&amp#27;[0m
  &amp#27;[32mThen &amp#27;[0m&amp#27;[32mUser should verify success message after login &amp#27;[0m&amp#27;[32m&amp#27;[1m"Welcome Ajith"&amp#27;[0m               &amp#27;[90m# com.omrbranch.stepdefinition.TC001_LoginStep.user_should_verify_success_message_after_login(java.lang.String)&amp#27;[0m
  &amp#27;[31mWhen &amp#27;[0m&amp#27;[31mUser search hotel &amp#27;[0m&amp#27;[31m&amp#27;[1m"Kerala"&amp#27;[0m&amp#27;[31m,&amp#27;[0m&amp#27;[31m&amp#27;[1m"Kochi"&amp#27;[0m&amp#27;[31m,&amp#27;[0m&amp#27;[31m&amp#27;[1m"Suite"&amp#27;[0m&amp#27;[31m,&amp#27;[0m&amp#27;[31m&amp#27;[1m"27"&amp#27;[0m&amp#27;[31m,&amp#27;[0m&amp#27;[31m&amp#27;[1m"28"&amp#27;[0m&amp#27;[31m,&amp#27;[0m&amp#27;[31m&amp#27;[1m"1-One"&amp#27;[0m&amp#27;[31m,&amp#27;[0m&amp#27;[31m&amp#27;[1m"1-One"&amp#27;[0m&amp#27;[31m and &amp#27;[0m&amp#27;[31m&amp#27;[1m"1"&amp#27;[0m &amp#27;[90m# com.omrbranch.stepdefinition.TC002_SearchHotels.userSearchHotelWithAllFields(java.lang.String,java.lang.String,java.lang.String,java.lang.String,java.lang.String,java.lang.String,java.lang.String,java.lang.String)&amp#27;[0m
      &amp#27;[31morg.openqa.selenium.NoSuchElementException: no such element: Unable to locate element: {"method":"xpath","selector":"//a[text()='27']"}
        (Session info: chrome=131.0.6778.140)
      For documentation on this error, please visit: https://www.selenium.dev/documentation/webdriver/troubleshooting/errors#no-such-element-exception
      Build info: version: '4.33.0', revision: '2c6aaad03a'
      System info: os.name: 'Windows 10', os.arch: 'amd64', os.version: '10.0', java.version: '21.0.6'
      Driver info: org.openqa.selenium.chrome.ChromeDriver
      Command: [27686d45f9b8d26fe3d58be34ac43ade, findElement {value=//a[text()='27'], using=xpath}]
      Capabilities {acceptInsecureCerts: false, browserName: chrome, browserVersion: 131.0.6778.140, chrome: {chromedriverVersion: 131.0.6778.264 (2d05e315153..., userDataDir: C:\Users\user\AppData\Local...}, fedcm:accounts: true, goog:chromeOptions: {debuggerAddress: localhost:11165}, networkConnectionEnabled: false, pageLoadStrategy: normal, platformName: windows, proxy: Proxy(), se:cdp: ws://localhost:11165/devtoo..., se:cdpVersion: 131.0.6778.140, setWindowRect: true, strictFileInteractability: false, timeouts: {implicit: 0, pageLoad: 300000, script: 30000}, unhandledPromptBehavior: dismiss and notify, webauthn:extension:credBlob: true, webauthn:extension:largeBlob: true, webauthn:extension:minPinLength: true, webauthn:extension:prf: true, webauthn:virtualAuthenticators: true}
      Session ID: 27686d45f9b8d26fe3d58be34ac43ade
      	at java.base/jdk.internal.reflect.DirectConstructorHandleAccessor.newInstance(DirectConstructorHandleAccessor.java:62)
      	at java.base/java.lang.reflect.Constructor.newInstanceWithCaller(Constructor.java:502)
      	at java.base/java.lang.reflect.Constructor.newInstance(Constructor.java:486)
      	at org.openqa.selenium.remote.ErrorCodec.decode(ErrorCodec.java:167)
      	at org.openqa.selenium.remote.codec.w3c.W3CHttpResponseCodec.decode(W3CHttpResponseCodec.java:138)
      	at org.openqa.selenium.remote.codec.w3c.W3CHttpResponseCodec.decode(W3CHttpResponseCodec.java:50)
      	at org.openqa.selenium.remote.HttpCommandExecutor.execute(HttpCommandExecutor.java:215)
      	at org.openqa.selenium.remote.service.DriverCommandExecutor.invokeExecute(DriverCommandExecutor.java:216)
      	at org.openqa.selenium.remote.service.DriverCommandExecutor.execute(DriverCommandExecutor.java:174)
      	at org.openqa.selenium.remote.RemoteWebDriver.execute(RemoteWebDriver.java:544)
      	at org.openqa.selenium.remote.ElementLocation$ElementFinder$2.findElement(ElementLocation.java:165)
      	at org.openqa.selenium.remote.ElementLocation.findElement(ElementLocation.java:59)
      	at org.openqa.selenium.remote.RemoteWebDriver.findElement(RemoteWebDriver.java:367)
      	at org.openqa.selenium.remote.RemoteWebDriver.findElement(RemoteWebDriver.java:361)
      	at com.omrbranch.baseclass.BaseClass.findElementBy(BaseClass.java:312)
      	at com.omrbranchpage.ExploreHotelPage2.enterCheckInDate(ExploreHotelPage2.java:102)
      	at com.omrbranch.stepdefinition.TC002_SearchHotels.userSearchHotelWithAllFields(TC002_SearchHotels.java:26)
      	at ✽.User search hotel "Kerala","Kochi","Suite","27","28","1-One","1-One" and "1"(file:///D:/Testing_Task/OMRBranchHotelAutomation_Ajith/src/test/resources/Features/TC003_SelectHotel.feature:9)&amp#27;[0m
  &amp#27;[36mThen &amp#27;[0m&amp#27;[36mUser should verify after search hotel success message &amp#27;[0m&amp#27;[36m&amp#27;[1m"Select Hotel"&amp#27;[0m         &amp#27;[90m# com.omrbranch.stepdefinition.TC002_SearchHotels.userShouldVerifySearchHotelSuccessMessage(java.lang.String)&amp#27;[0m
  &amp#27;[36mWhen &amp#27;[0m&amp#27;[36mUser save the Second hotel name and hotel price&amp#27;[0m                              &amp#27;[90m# com.omrbranch.stepdefinition.TC003_SelectHotelStep.userSaveTheSecondHotelNameAndHotelPrice()&amp#27;[0m
  &amp#27;[36mAnd &amp#27;[0m&amp#27;[36mUser select the Select hotel and accept the alert&amp#27;[0m                             &amp#27;[90m# com.omrbranch.stepdefinition.TC003_SelectHotelStep.userSelectTheSelectHotelAndAcceptTheAlert()&amp#27;[0m
  &amp#27;[36mThen &amp#27;[0m&amp#27;[36mUser should verify after select success message &amp#27;[0m&amp#27;[36m&amp#27;[1m"Book Hotel"&amp#27;[0m                 &amp#27;[90m# com.omrbranch.stepdefinition.TC003_SelectHotelStep.userShouldVerifyAfterSelectSuccessMessage(java.lang.String)&amp#27;[0m

    Embedding Every Scenario [images/png 495580 bytes]

]]></system-out>
    <system-err><![CDATA[Jun 30, 2025 8:49:47 AM org.openqa.selenium.devtools.CdpVersionFinder findNearestMatch
WARNING: Unable to find CDP implementation matching 131
Jun 30, 2025 8:49:47 AM org.openqa.selenium.chromium.ChromiumDriver lambda$new$4
WARNING: Unable to find version of CDP to use for 131.0.6778.140. You may need to include a dependency on a specific version of the CDP using something similar to `org.seleniumhq.selenium:selenium-devtools-v86:4.33.0` where the version ("v86") matches the version of the chromium-based browser you're using and the version number of the artifact is the same as Selenium's.
]]></system-err>
  </testcase>
  <testcase name="Select last hotel name and verify navigate to Book Hotel page" classname="Verfying hotels Modle #2" time="11.24">
    <error message="no such window: target window already closed&#10;from unknown error: web view not found&#10;  (Session info: chrome=131.0.6778.140)&#10;Build info: version: &apos;4.33.0&apos;, revision: &apos;2c6aaad03a&apos;&#10;System info: os.name: &apos;Windows 10&apos;, os.arch: &apos;amd64&apos;, os.version: &apos;10.0&apos;, java.version: &apos;21.0.6&apos;&#10;Driver info: org.openqa.selenium.chrome.ChromeDriver&#10;Command: [aedbe69681dba6c2551753bc66087067, maximizeCurrentWindow {}]&#10;Capabilities {acceptInsecureCerts: false, browserName: chrome, browserVersion: 131.0.6778.140, chrome: {chromedriverVersion: 131.0.6778.264 (2d05e315153..., userDataDir: C:\Users\user\AppData\Local...}, fedcm:accounts: true, goog:chromeOptions: {debuggerAddress: localhost:11383}, networkConnectionEnabled: false, pageLoadStrategy: normal, platformName: windows, proxy: Proxy(), se:cdp: ws://localhost:11383/devtoo..., se:cdpVersion: 131.0.6778.140, setWindowRect: true, strictFileInteractability: false, timeouts: {implicit: 0, pageLoad: 300000, script: 30000}, unhandledPromptBehavior: dismiss and notify, webauthn:extension:credBlob: true, webauthn:extension:largeBlob: true, webauthn:extension:minPinLength: true, webauthn:extension:prf: true, webauthn:virtualAuthenticators: true}&#10;Session ID: aedbe69681dba6c2551753bc66087067" type="org.openqa.selenium.NoSuchWindowException"><![CDATA[org.openqa.selenium.NoSuchWindowException: 
no such window: target window already closed
from unknown error: web view not found
  (Session info: chrome=131.0.6778.140)
Build info: version: '4.33.0', revision: '2c6aaad03a'
System info: os.name: 'Windows 10', os.arch: 'amd64', os.version: '10.0', java.version: '21.0.6'
Driver info: org.openqa.selenium.chrome.ChromeDriver
Command: [aedbe69681dba6c2551753bc66087067, maximizeCurrentWindow {}]
Capabilities {acceptInsecureCerts: false, browserName: chrome, browserVersion: 131.0.6778.140, chrome: {chromedriverVersion: 131.0.6778.264 (2d05e315153..., userDataDir: C:\Users\user\AppData\Local...}, fedcm:accounts: true, goog:chromeOptions: {debuggerAddress: localhost:11383}, networkConnectionEnabled: false, pageLoadStrategy: normal, platformName: windows, proxy: Proxy(), se:cdp: ws://localhost:11383/devtoo..., se:cdpVersion: 131.0.6778.140, setWindowRect: true, strictFileInteractability: false, timeouts: {implicit: 0, pageLoad: 300000, script: 30000}, unhandledPromptBehavior: dismiss and notify, webauthn:extension:credBlob: true, webauthn:extension:largeBlob: true, webauthn:extension:minPinLength: true, webauthn:extension:prf: true, webauthn:virtualAuthenticators: true}
Session ID: aedbe69681dba6c2551753bc66087067
	at java.base/jdk.internal.reflect.DirectConstructorHandleAccessor.newInstance(DirectConstructorHandleAccessor.java:62)
	at java.base/java.lang.reflect.Constructor.newInstanceWithCaller(Constructor.java:502)
	at java.base/java.lang.reflect.Constructor.newInstance(Constructor.java:486)
	at org.openqa.selenium.remote.ErrorCodec.decode(ErrorCodec.java:167)
	at org.openqa.selenium.remote.codec.w3c.W3CHttpResponseCodec.decode(W3CHttpResponseCodec.java:138)
	at org.openqa.selenium.remote.codec.w3c.W3CHttpResponseCodec.decode(W3CHttpResponseCodec.java:50)
	at org.openqa.selenium.remote.HttpCommandExecutor.execute(HttpCommandExecutor.java:215)
	at org.openqa.selenium.remote.service.DriverCommandExecutor.invokeExecute(DriverCommandExecutor.java:216)
	at org.openqa.selenium.remote.service.DriverCommandExecutor.execute(DriverCommandExecutor.java:174)
	at org.openqa.selenium.remote.RemoteWebDriver.execute(RemoteWebDriver.java:544)
	at org.openqa.selenium.remote.RemoteWebDriver.execute(RemoteWebDriver.java:617)
	at org.openqa.selenium.remote.RemoteWebDriver.execute(RemoteWebDriver.java:621)
	at org.openqa.selenium.remote.RemoteWebDriver$RemoteWebDriverOptions$RemoteWindow.maximize(RemoteWebDriver.java:1042)
	at com.omrbranch.baseclass.BaseClass.maximizeWindow(BaseClass.java:373)
	at com.omrbranch.stepdefinition.HookClass.beforeScenario(HookClass.java:15)
]]></error>
    <system-out><![CDATA[
@Smoke
Scenario Outline: Select last hotel name and verify navigate to Book Hotel page     &amp#27;[90m# src/test/resources/Features/TC003_SelectHotel.feature:31&amp#27;[0m
      &amp#27;[31morg.openqa.selenium.NoSuchWindowException: no such window: target window already closed
      from unknown error: web view not found
        (Session info: chrome=131.0.6778.140)
      Build info: version: '4.33.0', revision: '2c6aaad03a'
      System info: os.name: 'Windows 10', os.arch: 'amd64', os.version: '10.0', java.version: '21.0.6'
      Driver info: org.openqa.selenium.chrome.ChromeDriver
      Command: [aedbe69681dba6c2551753bc66087067, maximizeCurrentWindow {}]
      Capabilities {acceptInsecureCerts: false, browserName: chrome, browserVersion: 131.0.6778.140, chrome: {chromedriverVersion: 131.0.6778.264 (2d05e315153..., userDataDir: C:\Users\user\AppData\Local...}, fedcm:accounts: true, goog:chromeOptions: {debuggerAddress: localhost:11383}, networkConnectionEnabled: false, pageLoadStrategy: normal, platformName: windows, proxy: Proxy(), se:cdp: ws://localhost:11383/devtoo..., se:cdpVersion: 131.0.6778.140, setWindowRect: true, strictFileInteractability: false, timeouts: {implicit: 0, pageLoad: 300000, script: 30000}, unhandledPromptBehavior: dismiss and notify, webauthn:extension:credBlob: true, webauthn:extension:largeBlob: true, webauthn:extension:minPinLength: true, webauthn:extension:prf: true, webauthn:virtualAuthenticators: true}
      Session ID: aedbe69681dba6c2551753bc66087067
      	at java.base/jdk.internal.reflect.DirectConstructorHandleAccessor.newInstance(DirectConstructorHandleAccessor.java:62)
      	at java.base/java.lang.reflect.Constructor.newInstanceWithCaller(Constructor.java:502)
      	at java.base/java.lang.reflect.Constructor.newInstance(Constructor.java:486)
      	at org.openqa.selenium.remote.ErrorCodec.decode(ErrorCodec.java:167)
      	at org.openqa.selenium.remote.codec.w3c.W3CHttpResponseCodec.decode(W3CHttpResponseCodec.java:138)
      	at org.openqa.selenium.remote.codec.w3c.W3CHttpResponseCodec.decode(W3CHttpResponseCodec.java:50)
      	at org.openqa.selenium.remote.HttpCommandExecutor.execute(HttpCommandExecutor.java:215)
      	at org.openqa.selenium.remote.service.DriverCommandExecutor.invokeExecute(DriverCommandExecutor.java:216)
      	at org.openqa.selenium.remote.service.DriverCommandExecutor.execute(DriverCommandExecutor.java:174)
      	at org.openqa.selenium.remote.RemoteWebDriver.execute(RemoteWebDriver.java:544)
      	at org.openqa.selenium.remote.RemoteWebDriver.execute(RemoteWebDriver.java:617)
      	at org.openqa.selenium.remote.RemoteWebDriver.execute(RemoteWebDriver.java:621)
      	at org.openqa.selenium.remote.RemoteWebDriver$RemoteWebDriverOptions$RemoteWindow.maximize(RemoteWebDriver.java:1042)
      	at com.omrbranch.baseclass.BaseClass.maximizeWindow(BaseClass.java:373)
      	at com.omrbranch.stepdefinition.HookClass.beforeScenario(HookClass.java:15)&amp#27;[0m
  &amp#27;[36mGiven &amp#27;[0m&amp#27;[36mUser is on the OMR Branch hotel page&amp#27;[0m                                        &amp#27;[90m# com.omrbranch.stepdefinition.TC001_LoginStep.user_is_on_the_omr_branch_hotel_page()&amp#27;[0m
  &amp#27;[36mWhen &amp#27;[0m&amp#27;[36mUser login &amp#27;[0m&amp#27;[36m&amp#27;[1m"ajithkumar06952@gmail.com"&amp#27;[0m&amp#27;[36m and &amp#27;[0m&amp#27;[36m&amp#27;[1m"Ajith9843@"&amp#27;[0m                      &amp#27;[90m# com.omrbranch.stepdefinition.TC001_LoginStep.user_login_and(java.lang.String,java.lang.String)&amp#27;[0m
  &amp#27;[36mThen &amp#27;[0m&amp#27;[36mUser should verify success message after login &amp#27;[0m&amp#27;[36m&amp#27;[1m"Welcome Ajith"&amp#27;[0m               &amp#27;[90m# com.omrbranch.stepdefinition.TC001_LoginStep.user_should_verify_success_message_after_login(java.lang.String)&amp#27;[0m
  &amp#27;[36mWhen &amp#27;[0m&amp#27;[36mUser search hotel &amp#27;[0m&amp#27;[36m&amp#27;[1m"Kerala"&amp#27;[0m&amp#27;[36m,&amp#27;[0m&amp#27;[36m&amp#27;[1m"Kochi"&amp#27;[0m&amp#27;[36m,&amp#27;[0m&amp#27;[36m&amp#27;[1m"Suite"&amp#27;[0m&amp#27;[36m,&amp#27;[0m&amp#27;[36m&amp#27;[1m"27"&amp#27;[0m&amp#27;[36m,&amp#27;[0m&amp#27;[36m&amp#27;[1m"28"&amp#27;[0m&amp#27;[36m,&amp#27;[0m&amp#27;[36m&amp#27;[1m"1-One"&amp#27;[0m&amp#27;[36m,&amp#27;[0m&amp#27;[36m&amp#27;[1m"1-One"&amp#27;[0m&amp#27;[36m and &amp#27;[0m&amp#27;[36m&amp#27;[1m"1"&amp#27;[0m &amp#27;[90m# com.omrbranch.stepdefinition.TC002_SearchHotels.userSearchHotelWithAllFields(java.lang.String,java.lang.String,java.lang.String,java.lang.String,java.lang.String,java.lang.String,java.lang.String,java.lang.String)&amp#27;[0m
  &amp#27;[36mThen &amp#27;[0m&amp#27;[36mUser should verify after search hotel success message &amp#27;[0m&amp#27;[36m&amp#27;[1m"Select Hotel"&amp#27;[0m         &amp#27;[90m# com.omrbranch.stepdefinition.TC002_SearchHotels.userShouldVerifySearchHotelSuccessMessage(java.lang.String)&amp#27;[0m
  &amp#27;[36mWhen &amp#27;[0m&amp#27;[36mUser save the last hotel name and hotel price&amp#27;[0m                                &amp#27;[90m# com.omrbranch.stepdefinition.TC003_SelectHotelStep.userSaveTheLastHotelNameAndHotelPrice()&amp#27;[0m
  &amp#27;[36mAnd &amp#27;[0m&amp#27;[36mUser select the last hotel and accept the alert&amp#27;[0m                               &amp#27;[90m# com.omrbranch.stepdefinition.TC003_SelectHotelStep.userSelectTheLastHotelAndAcceptTheAlert()&amp#27;[0m
  &amp#27;[36mThen &amp#27;[0m&amp#27;[36mUser should verify after select success message &amp#27;[0m&amp#27;[36m&amp#27;[1m"Book Hotel"&amp#27;[0m                 &amp#27;[90m# com.omrbranch.stepdefinition.TC003_SelectHotelStep.userShouldVerifyAfterSelectSuccessMessage(java.lang.String)&amp#27;[0m
      &amp#27;[31morg.openqa.selenium.NoSuchWindowException: no such window: target window already closed
      from unknown error: web view not found
        (Session info: chrome=131.0.6778.140)
      Build info: version: '4.33.0', revision: '2c6aaad03a'
      System info: os.name: 'Windows 10', os.arch: 'amd64', os.version: '10.0', java.version: '21.0.6'
      Driver info: org.openqa.selenium.chrome.ChromeDriver
      Command: [aedbe69681dba6c2551753bc66087067, screenshot {}]
      Capabilities {acceptInsecureCerts: false, browserName: chrome, browserVersion: 131.0.6778.140, chrome: {chromedriverVersion: 131.0.6778.264 (2d05e315153..., userDataDir: C:\Users\user\AppData\Local...}, fedcm:accounts: true, goog:chromeOptions: {debuggerAddress: localhost:11383}, networkConnectionEnabled: false, pageLoadStrategy: normal, platformName: windows, proxy: Proxy(), se:cdp: ws://localhost:11383/devtoo..., se:cdpVersion: 131.0.6778.140, setWindowRect: true, strictFileInteractability: false, timeouts: {implicit: 0, pageLoad: 300000, script: 30000}, unhandledPromptBehavior: dismiss and notify, webauthn:extension:credBlob: true, webauthn:extension:largeBlob: true, webauthn:extension:minPinLength: true, webauthn:extension:prf: true, webauthn:virtualAuthenticators: true}
      Session ID: aedbe69681dba6c2551753bc66087067
      	at java.base/jdk.internal.reflect.DirectConstructorHandleAccessor.newInstance(DirectConstructorHandleAccessor.java:62)
      	at java.base/java.lang.reflect.Constructor.newInstanceWithCaller(Constructor.java:502)
      	at java.base/java.lang.reflect.Constructor.newInstance(Constructor.java:486)
      	at org.openqa.selenium.remote.ErrorCodec.decode(ErrorCodec.java:167)
      	at org.openqa.selenium.remote.codec.w3c.W3CHttpResponseCodec.decode(W3CHttpResponseCodec.java:138)
      	at org.openqa.selenium.remote.codec.w3c.W3CHttpResponseCodec.decode(W3CHttpResponseCodec.java:50)
      	at org.openqa.selenium.remote.HttpCommandExecutor.execute(HttpCommandExecutor.java:215)
      	at org.openqa.selenium.remote.service.DriverCommandExecutor.invokeExecute(DriverCommandExecutor.java:216)
      	at org.openqa.selenium.remote.service.DriverCommandExecutor.execute(DriverCommandExecutor.java:174)
      	at org.openqa.selenium.remote.RemoteWebDriver.execute(RemoteWebDriver.java:544)
      	at org.openqa.selenium.remote.RemoteWebDriver.execute(RemoteWebDriver.java:617)
      	at org.openqa.selenium.remote.RemoteWebDriver.execute(RemoteWebDriver.java:621)
      	at org.openqa.selenium.remote.RemoteWebDriver.getScreenshotAs(RemoteWebDriver.java:333)
      	at com.omrbranch.baseclass.BaseClass.screenshot(BaseClass.java:221)
      	at com.omrbranch.stepdefinition.HookClass.afterScenario(HookClass.java:22)&amp#27;[0m
]]></system-out>
    <system-err><![CDATA[Jun 30, 2025 8:52:15 AM org.openqa.selenium.devtools.CdpVersionFinder findNearestMatch
WARNING: Unable to find CDP implementation matching 131
Jun 30, 2025 8:52:15 AM org.openqa.selenium.chromium.ChromiumDriver lambda$new$4
WARNING: Unable to find version of CDP to use for 131.0.6778.140. You may need to include a dependency on a specific version of the CDP using something similar to `org.seleniumhq.selenium:selenium-devtools-v86:4.33.0` where the version ("v86") matches the version of the chromium-based browser you're using and the version number of the artifact is the same as Selenium's.
]]></system-err>
  </testcase>
  <testcase name="Select last hotel name and verify navigate to Book Hotel page" classname="Verfying hotels Modle #2" time="11.28">
    <error message="no such window: target window already closed&#10;from unknown error: web view not found&#10;  (Session info: chrome=131.0.6778.140)&#10;Build info: version: &apos;4.33.0&apos;, revision: &apos;2c6aaad03a&apos;&#10;System info: os.name: &apos;Windows 10&apos;, os.arch: &apos;amd64&apos;, os.version: &apos;10.0&apos;, java.version: &apos;21.0.6&apos;&#10;Driver info: org.openqa.selenium.chrome.ChromeDriver&#10;Command: [aedbe69681dba6c2551753bc66087067, screenshot {}]&#10;Capabilities {acceptInsecureCerts: false, browserName: chrome, browserVersion: 131.0.6778.140, chrome: {chromedriverVersion: 131.0.6778.264 (2d05e315153..., userDataDir: C:\Users\user\AppData\Local...}, fedcm:accounts: true, goog:chromeOptions: {debuggerAddress: localhost:11383}, networkConnectionEnabled: false, pageLoadStrategy: normal, platformName: windows, proxy: Proxy(), se:cdp: ws://localhost:11383/devtoo..., se:cdpVersion: 131.0.6778.140, setWindowRect: true, strictFileInteractability: false, timeouts: {implicit: 0, pageLoad: 300000, script: 30000}, unhandledPromptBehavior: dismiss and notify, webauthn:extension:credBlob: true, webauthn:extension:largeBlob: true, webauthn:extension:minPinLength: true, webauthn:extension:prf: true, webauthn:virtualAuthenticators: true}&#10;Session ID: aedbe69681dba6c2551753bc66087067" type="org.openqa.selenium.NoSuchWindowException"><![CDATA[org.openqa.selenium.NoSuchWindowException: 
no such window: target window already closed
from unknown error: web view not found
  (Session info: chrome=131.0.6778.140)
Build info: version: '4.33.0', revision: '2c6aaad03a'
System info: os.name: 'Windows 10', os.arch: 'amd64', os.version: '10.0', java.version: '21.0.6'
Driver info: org.openqa.selenium.chrome.ChromeDriver
Command: [aedbe69681dba6c2551753bc66087067, screenshot {}]
Capabilities {acceptInsecureCerts: false, browserName: chrome, browserVersion: 131.0.6778.140, chrome: {chromedriverVersion: 131.0.6778.264 (2d05e315153..., userDataDir: C:\Users\user\AppData\Local...}, fedcm:accounts: true, goog:chromeOptions: {debuggerAddress: localhost:11383}, networkConnectionEnabled: false, pageLoadStrategy: normal, platformName: windows, proxy: Proxy(), se:cdp: ws://localhost:11383/devtoo..., se:cdpVersion: 131.0.6778.140, setWindowRect: true, strictFileInteractability: false, timeouts: {implicit: 0, pageLoad: 300000, script: 30000}, unhandledPromptBehavior: dismiss and notify, webauthn:extension:credBlob: true, webauthn:extension:largeBlob: true, webauthn:extension:minPinLength: true, webauthn:extension:prf: true, webauthn:virtualAuthenticators: true}
Session ID: aedbe69681dba6c2551753bc66087067
	at java.base/jdk.internal.reflect.DirectConstructorHandleAccessor.newInstance(DirectConstructorHandleAccessor.java:62)
	at java.base/java.lang.reflect.Constructor.newInstanceWithCaller(Constructor.java:502)
	at java.base/java.lang.reflect.Constructor.newInstance(Constructor.java:486)
	at org.openqa.selenium.remote.ErrorCodec.decode(ErrorCodec.java:167)
	at org.openqa.selenium.remote.codec.w3c.W3CHttpResponseCodec.decode(W3CHttpResponseCodec.java:138)
	at org.openqa.selenium.remote.codec.w3c.W3CHttpResponseCodec.decode(W3CHttpResponseCodec.java:50)
	at org.openqa.selenium.remote.HttpCommandExecutor.execute(HttpCommandExecutor.java:215)
	at org.openqa.selenium.remote.service.DriverCommandExecutor.invokeExecute(DriverCommandExecutor.java:216)
	at org.openqa.selenium.remote.service.DriverCommandExecutor.execute(DriverCommandExecutor.java:174)
	at org.openqa.selenium.remote.RemoteWebDriver.execute(RemoteWebDriver.java:544)
	at org.openqa.selenium.remote.RemoteWebDriver.execute(RemoteWebDriver.java:617)
	at org.openqa.selenium.remote.RemoteWebDriver.execute(RemoteWebDriver.java:621)
	at org.openqa.selenium.remote.RemoteWebDriver.getScreenshotAs(RemoteWebDriver.java:333)
	at com.omrbranch.baseclass.BaseClass.screenshot(BaseClass.java:221)
	at com.omrbranch.stepdefinition.HookClass.afterScenario(HookClass.java:22)
]]></error>
  </testcase>
  <testcase name="Select the first Hotel name and dismiss the alert" classname="Verfying hotels Modle #2" time="135.991">
    <error message="no such element: Unable to locate element: {&quot;method&quot;:&quot;xpath&quot;,&quot;selector&quot;:&quot;//a[text()=&apos;27&apos;]&quot;}&#10;  (Session info: chrome=131.0.6778.140)&#10;For documentation on this error, please visit: https://www.selenium.dev/documentation/webdriver/troubleshooting/errors#no-such-element-exception&#10;Build info: version: &apos;4.33.0&apos;, revision: &apos;2c6aaad03a&apos;&#10;System info: os.name: &apos;Windows 10&apos;, os.arch: &apos;amd64&apos;, os.version: &apos;10.0&apos;, java.version: &apos;21.0.6&apos;&#10;Driver info: org.openqa.selenium.chrome.ChromeDriver&#10;Command: [e2f97a737b83e97feb30e257e06c2c2e, findElement {value=//a[text()=&apos;27&apos;], using=xpath}]&#10;Capabilities {acceptInsecureCerts: false, browserName: chrome, browserVersion: 131.0.6778.140, chrome: {chromedriverVersion: 131.0.6778.264 (2d05e315153..., userDataDir: C:\Users\user\AppData\Local...}, fedcm:accounts: true, goog:chromeOptions: {debuggerAddress: localhost:11403}, networkConnectionEnabled: false, pageLoadStrategy: normal, platformName: windows, proxy: Proxy(), se:cdp: ws://localhost:11403/devtoo..., se:cdpVersion: 131.0.6778.140, setWindowRect: true, strictFileInteractability: false, timeouts: {implicit: 0, pageLoad: 300000, script: 30000}, unhandledPromptBehavior: dismiss and notify, webauthn:extension:credBlob: true, webauthn:extension:largeBlob: true, webauthn:extension:minPinLength: true, webauthn:extension:prf: true, webauthn:virtualAuthenticators: true}&#10;Session ID: e2f97a737b83e97feb30e257e06c2c2e" type="org.openqa.selenium.NoSuchElementException"><![CDATA[org.openqa.selenium.NoSuchElementException: 
no such element: Unable to locate element: {"method":"xpath","selector":"//a[text()='27']"}
  (Session info: chrome=131.0.6778.140)
For documentation on this error, please visit: https://www.selenium.dev/documentation/webdriver/troubleshooting/errors#no-such-element-exception
Build info: version: '4.33.0', revision: '2c6aaad03a'
System info: os.name: 'Windows 10', os.arch: 'amd64', os.version: '10.0', java.version: '21.0.6'
Driver info: org.openqa.selenium.chrome.ChromeDriver
Command: [e2f97a737b83e97feb30e257e06c2c2e, findElement {value=//a[text()='27'], using=xpath}]
Capabilities {acceptInsecureCerts: false, browserName: chrome, browserVersion: 131.0.6778.140, chrome: {chromedriverVersion: 131.0.6778.264 (2d05e315153..., userDataDir: C:\Users\user\AppData\Local...}, fedcm:accounts: true, goog:chromeOptions: {debuggerAddress: localhost:11403}, networkConnectionEnabled: false, pageLoadStrategy: normal, platformName: windows, proxy: Proxy(), se:cdp: ws://localhost:11403/devtoo..., se:cdpVersion: 131.0.6778.140, setWindowRect: true, strictFileInteractability: false, timeouts: {implicit: 0, pageLoad: 300000, script: 30000}, unhandledPromptBehavior: dismiss and notify, webauthn:extension:credBlob: true, webauthn:extension:largeBlob: true, webauthn:extension:minPinLength: true, webauthn:extension:prf: true, webauthn:virtualAuthenticators: true}
Session ID: e2f97a737b83e97feb30e257e06c2c2e
	at java.base/jdk.internal.reflect.DirectConstructorHandleAccessor.newInstance(DirectConstructorHandleAccessor.java:62)
	at java.base/java.lang.reflect.Constructor.newInstanceWithCaller(Constructor.java:502)
	at java.base/java.lang.reflect.Constructor.newInstance(Constructor.java:486)
	at org.openqa.selenium.remote.ErrorCodec.decode(ErrorCodec.java:167)
	at org.openqa.selenium.remote.codec.w3c.W3CHttpResponseCodec.decode(W3CHttpResponseCodec.java:138)
	at org.openqa.selenium.remote.codec.w3c.W3CHttpResponseCodec.decode(W3CHttpResponseCodec.java:50)
	at org.openqa.selenium.remote.HttpCommandExecutor.execute(HttpCommandExecutor.java:215)
	at org.openqa.selenium.remote.service.DriverCommandExecutor.invokeExecute(DriverCommandExecutor.java:216)
	at org.openqa.selenium.remote.service.DriverCommandExecutor.execute(DriverCommandExecutor.java:174)
	at org.openqa.selenium.remote.RemoteWebDriver.execute(RemoteWebDriver.java:544)
	at org.openqa.selenium.remote.ElementLocation$ElementFinder$2.findElement(ElementLocation.java:165)
	at org.openqa.selenium.remote.ElementLocation.findElement(ElementLocation.java:59)
	at org.openqa.selenium.remote.RemoteWebDriver.findElement(RemoteWebDriver.java:367)
	at org.openqa.selenium.remote.RemoteWebDriver.findElement(RemoteWebDriver.java:361)
	at com.omrbranch.baseclass.BaseClass.findElementBy(BaseClass.java:312)
	at com.omrbranchpage.ExploreHotelPage2.enterCheckInDate(ExploreHotelPage2.java:102)
	at com.omrbranch.stepdefinition.TC002_SearchHotels.userSearchHotelWithAllFields(TC002_SearchHotels.java:26)
	at ✽.User search hotel "Kerala","Kochi","Suite","27","28","1-One","1-One" and "1"(file:///D:/Testing_Task/OMRBranchHotelAutomation_Ajith/src/test/resources/Features/TC003_SelectHotel.feature:37)
]]></error>
    <system-out><![CDATA[
@Smoke
Scenario Outline: Select the first Hotel name and dismiss the alert                 &amp#27;[90m# src/test/resources/Features/TC003_SelectHotel.feature:45&amp#27;[0m
  &amp#27;[32mGiven &amp#27;[0m&amp#27;[32mUser is on the OMR Branch hotel page&amp#27;[0m                                        &amp#27;[90m# com.omrbranch.stepdefinition.TC001_LoginStep.user_is_on_the_omr_branch_hotel_page()&amp#27;[0m
  &amp#27;[32mWhen &amp#27;[0m&amp#27;[32mUser login &amp#27;[0m&amp#27;[32m&amp#27;[1m"ajithkumar06952@gmail.com"&amp#27;[0m&amp#27;[32m and &amp#27;[0m&amp#27;[32m&amp#27;[1m"Ajith9843@"&amp#27;[0m                      &amp#27;[90m# com.omrbranch.stepdefinition.TC001_LoginStep.user_login_and(java.lang.String,java.lang.String)&amp#27;[0m
  &amp#27;[32mThen &amp#27;[0m&amp#27;[32mUser should verify success message after login &amp#27;[0m&amp#27;[32m&amp#27;[1m"Welcome Ajith"&amp#27;[0m               &amp#27;[90m# com.omrbranch.stepdefinition.TC001_LoginStep.user_should_verify_success_message_after_login(java.lang.String)&amp#27;[0m
  &amp#27;[31mWhen &amp#27;[0m&amp#27;[31mUser search hotel &amp#27;[0m&amp#27;[31m&amp#27;[1m"Kerala"&amp#27;[0m&amp#27;[31m,&amp#27;[0m&amp#27;[31m&amp#27;[1m"Kochi"&amp#27;[0m&amp#27;[31m,&amp#27;[0m&amp#27;[31m&amp#27;[1m"Suite"&amp#27;[0m&amp#27;[31m,&amp#27;[0m&amp#27;[31m&amp#27;[1m"27"&amp#27;[0m&amp#27;[31m,&amp#27;[0m&amp#27;[31m&amp#27;[1m"28"&amp#27;[0m&amp#27;[31m,&amp#27;[0m&amp#27;[31m&amp#27;[1m"1-One"&amp#27;[0m&amp#27;[31m,&amp#27;[0m&amp#27;[31m&amp#27;[1m"1-One"&amp#27;[0m&amp#27;[31m and &amp#27;[0m&amp#27;[31m&amp#27;[1m"1"&amp#27;[0m &amp#27;[90m# com.omrbranch.stepdefinition.TC002_SearchHotels.userSearchHotelWithAllFields(java.lang.String,java.lang.String,java.lang.String,java.lang.String,java.lang.String,java.lang.String,java.lang.String,java.lang.String)&amp#27;[0m
      &amp#27;[31morg.openqa.selenium.NoSuchElementException: no such element: Unable to locate element: {"method":"xpath","selector":"//a[text()='27']"}
        (Session info: chrome=131.0.6778.140)
      For documentation on this error, please visit: https://www.selenium.dev/documentation/webdriver/troubleshooting/errors#no-such-element-exception
      Build info: version: '4.33.0', revision: '2c6aaad03a'
      System info: os.name: 'Windows 10', os.arch: 'amd64', os.version: '10.0', java.version: '21.0.6'
      Driver info: org.openqa.selenium.chrome.ChromeDriver
      Command: [e2f97a737b83e97feb30e257e06c2c2e, findElement {value=//a[text()='27'], using=xpath}]
      Capabilities {acceptInsecureCerts: false, browserName: chrome, browserVersion: 131.0.6778.140, chrome: {chromedriverVersion: 131.0.6778.264 (2d05e315153..., userDataDir: C:\Users\user\AppData\Local...}, fedcm:accounts: true, goog:chromeOptions: {debuggerAddress: localhost:11403}, networkConnectionEnabled: false, pageLoadStrategy: normal, platformName: windows, proxy: Proxy(), se:cdp: ws://localhost:11403/devtoo..., se:cdpVersion: 131.0.6778.140, setWindowRect: true, strictFileInteractability: false, timeouts: {implicit: 0, pageLoad: 300000, script: 30000}, unhandledPromptBehavior: dismiss and notify, webauthn:extension:credBlob: true, webauthn:extension:largeBlob: true, webauthn:extension:minPinLength: true, webauthn:extension:prf: true, webauthn:virtualAuthenticators: true}
      Session ID: e2f97a737b83e97feb30e257e06c2c2e
      	at java.base/jdk.internal.reflect.DirectConstructorHandleAccessor.newInstance(DirectConstructorHandleAccessor.java:62)
      	at java.base/java.lang.reflect.Constructor.newInstanceWithCaller(Constructor.java:502)
      	at java.base/java.lang.reflect.Constructor.newInstance(Constructor.java:486)
      	at org.openqa.selenium.remote.ErrorCodec.decode(ErrorCodec.java:167)
      	at org.openqa.selenium.remote.codec.w3c.W3CHttpResponseCodec.decode(W3CHttpResponseCodec.java:138)
      	at org.openqa.selenium.remote.codec.w3c.W3CHttpResponseCodec.decode(W3CHttpResponseCodec.java:50)
      	at org.openqa.selenium.remote.HttpCommandExecutor.execute(HttpCommandExecutor.java:215)
      	at org.openqa.selenium.remote.service.DriverCommandExecutor.invokeExecute(DriverCommandExecutor.java:216)
      	at org.openqa.selenium.remote.service.DriverCommandExecutor.execute(DriverCommandExecutor.java:174)
      	at org.openqa.selenium.remote.RemoteWebDriver.execute(RemoteWebDriver.java:544)
      	at org.openqa.selenium.remote.ElementLocation$ElementFinder$2.findElement(ElementLocation.java:165)
      	at org.openqa.selenium.remote.ElementLocation.findElement(ElementLocation.java:59)
      	at org.openqa.selenium.remote.RemoteWebDriver.findElement(RemoteWebDriver.java:367)
      	at org.openqa.selenium.remote.RemoteWebDriver.findElement(RemoteWebDriver.java:361)
      	at com.omrbranch.baseclass.BaseClass.findElementBy(BaseClass.java:312)
      	at com.omrbranchpage.ExploreHotelPage2.enterCheckInDate(ExploreHotelPage2.java:102)
      	at com.omrbranch.stepdefinition.TC002_SearchHotels.userSearchHotelWithAllFields(TC002_SearchHotels.java:26)
      	at ✽.User search hotel "Kerala","Kochi","Suite","27","28","1-One","1-One" and "1"(file:///D:/Testing_Task/OMRBranchHotelAutomation_Ajith/src/test/resources/Features/TC003_SelectHotel.feature:37)&amp#27;[0m
  &amp#27;[36mThen &amp#27;[0m&amp#27;[36mUser should verify after search hotel success message &amp#27;[0m&amp#27;[36m&amp#27;[1m"Select Hotel"&amp#27;[0m         &amp#27;[90m# com.omrbranch.stepdefinition.TC002_SearchHotels.userShouldVerifySearchHotelSuccessMessage(java.lang.String)&amp#27;[0m
  &amp#27;[36mWhen &amp#27;[0m&amp#27;[36mUser save the first hotel name and hotel price&amp#27;[0m                               &amp#27;[90m# com.omrbranch.stepdefinition.TC003_SelectHotelStep.userSaveTheFirstHotelNameAndHotelPrice()&amp#27;[0m
  &amp#27;[36mAnd &amp#27;[0m&amp#27;[36mUser select the first hotel and dismiss the alert&amp#27;[0m                             &amp#27;[90m# com.omrbranch.stepdefinition.TC003_SelectHotelStep.userSelectTheFirstHotelAndDismissTheAlert()&amp#27;[0m
  &amp#27;[36mThen &amp#27;[0m&amp#27;[36mUser should stay on the Select Hotel page with message &amp#27;[0m&amp#27;[36m&amp#27;[1m"Select Hotel"&amp#27;[0m        &amp#27;[90m# com.omrbranch.stepdefinition.TC003_SelectHotelStep.userShouldStayOnSelectHotelPageWithMessage(java.lang.String)&amp#27;[0m

    Embedding Every Scenario [images/png 495452 bytes]

]]></system-out>
    <system-err><![CDATA[Jun 30, 2025 8:52:26 AM org.openqa.selenium.devtools.CdpVersionFinder findNearestMatch
WARNING: Unable to find CDP implementation matching 131
Jun 30, 2025 8:52:26 AM org.openqa.selenium.chromium.ChromiumDriver lambda$new$4
WARNING: Unable to find version of CDP to use for 131.0.6778.140. You may need to include a dependency on a specific version of the CDP using something similar to `org.seleniumhq.selenium:selenium-devtools-v86:4.33.0` where the version ("v86") matches the version of the chromium-based browser you're using and the version number of the artifact is the same as Selenium's.
]]></system-err>
  </testcase>
</testsuite>